==1872822== Memcheck, a memory error detector
==1872822== Copyright (C) 2002-2017, and GNU GPL'd, by Julian Seward et al.
==1872822== Using Valgrind-3.18.1 and LibVEX; rerun with -h for copyright info
==1872822== Command: ./minishell
==1872822== Parent PID: 1862430
==1872822== 
==1872822== 
==1872822== HEAP SUMMARY:
==1872822==     in use at exit: 208,353 bytes in 224 blocks
==1872822==   total heap usage: 439 allocs, 215 frees, 228,720 bytes allocated
==1872822== 
==1872822== 5 bytes in 1 blocks are definitely lost in loss record 1 of 69
==1872822==    at 0x4848899: malloc (in /usr/libexec/valgrind/vgpreload_memcheck-amd64-linux.so)
==1872822==    by 0x48ADBAC: xmalloc (in /usr/lib/x86_64-linux-gnu/libreadline.so.8.1)
==1872822==    by 0x488B694: readline_internal_teardown (in /usr/lib/x86_64-linux-gnu/libreadline.so.8.1)
==1872822==    by 0x4895D2A: readline (in /usr/lib/x86_64-linux-gnu/libreadline.so.8.1)
==1872822==    by 0x401222: main (in /home/dtrala/Code/minishell/minishell)
==1872822== 
{
   <insert_a_suppression_name_here>
   Memcheck:Leak
   match-leak-kinds: definite
   fun:malloc
   fun:xmalloc
   fun:readline_internal_teardown
   fun:readline
   fun:main
}
==1872822== LEAK SUMMARY:
==1872822==    definitely lost: 5 bytes in 1 blocks
==1872822==    indirectly lost: 0 bytes in 0 blocks
==1872822==      possibly lost: 0 bytes in 0 blocks
==1872822==    still reachable: 208,348 bytes in 223 blocks
==1872822==         suppressed: 0 bytes in 0 blocks
==1872822== Reachable blocks (those to which a pointer was found) are not shown.
==1872822== To see them, rerun with: --leak-check=full --show-leak-kinds=all
==1872822== 
==1872822== For lists of detected and suppressed errors, rerun with: -s
==1872822== ERROR SUMMARY: 1 errors from 1 contexts (suppressed: 0 from 0)
